{
  "RSpec": {
    "coverage": {
      "/Users/deanlewis/tech_tests/smart_pension/sp_test/spec/parsing_spec.rb": {
        "lines": [
          1,
          null,
          1,
          null,
          1,
          null,
          1,
          1,
          1,
          1,
          null,
          null,
          1,
          1,
          1,
          1,
          null,
          null
        ]
      },
      "/Users/deanlewis/tech_tests/smart_pension/sp_test/lib/parser.rb": {
        "lines": [
          1,
          null,
          1,
          4,
          null,
          null,
          1,
          2,
          null,
          null
        ]
      }
    },
    "timestamp": 1648993751
  }
}
